生成启动时间为 2023/9/22 21:02:05。
     1>项目“D:\代码\三个浮点数取最大值\三个浮点数取最大值\三个浮点数取最大值.vcxproj”在节点 2 上(build 个目标)。
     1>InitializeBuildStatus:
         正在创建“Debug\三个浮点数取最大值.unsuccessfulbuild”，因为已指定“AlwaysCreate”。
       ClCompile:
         D:\实用软件\vc\VC\bin\CL.exe /c /ZI /nologo /W3 /WX- /Od /Oy- /D _UNICODE /D UNICODE /Gm /EHsc /RTC1 /MDd /GS /fp:precise /Zc:wchar_t /Zc:forScope /Fo"Debug\\" /Fd"Debug\vc100.pdb" /Gd /TP /analyze- /errorReport:prompt "三个浮点数取最大值.cpp"
         三个浮点数取最大值.cpp
     1>d:\代码\三个浮点数取最大值\三个浮点数取最大值\三个浮点数取最大值.cpp(7): warning C4996: 'scanf': This function or variable may be unsafe. Consider using scanf_s instead. To disable deprecation, use _CRT_SECURE_NO_WARNINGS. See online help for details.
                 d:\实用软件\vc\vc\include\stdio.h(304) : 参见“scanf”的声明
       Link:
         D:\实用软件\vc\VC\bin\link.exe /ERRORREPORT:PROMPT /OUT:"D:\代码\三个浮点数取最大值\Debug\三个浮点数取最大值.exe" /NOLOGO kernel32.lib user32.lib gdi32.lib winspool.lib comdlg32.lib advapi32.lib shell32.lib ole32.lib oleaut32.lib uuid.lib odbc32.lib odbccp32.lib /MANIFEST /ManifestFile:"Debug\三个浮点数取最大值.exe.intermediate.manifest" /MANIFESTUAC:"level='asInvoker' uiAccess='false'" /DEBUG /PDB:"D:\代码\三个浮点数取最大值\Debug\三个浮点数取最大值.pdb" /TLBID:1 /DYNAMICBASE /NXCOMPAT /IMPLIB:"D:\代码\三个浮点数取最大值\Debug\三个浮点数取最大值.lib" /MACHINE:X86 "Debug\三个浮点数取最大值.obj"
         LINK : 没有找到 D:\代码\三个浮点数取最大值\Debug\三个浮点数取最大值.exe 或上一个增量链接没有生成它；正在执行完全链接
         三个浮点数取最大值.vcxproj -> D:\代码\三个浮点数取最大值\Debug\三个浮点数取最大值.exe
       Manifest:
         C:\Program Files (x86)\Microsoft SDKs\Windows\v7.0A\bin\mt.exe /nologo /verbose /outputresource:"D:\代码\三个浮点数取最大值\Debug\三个浮点数取最大值.exe;#1" /manifest "Debug\三个浮点数取最大值.exe.intermediate.manifest"
       FinalizeBuildStatus:
         正在删除文件“Debug\三个浮点数取最大值.unsuccessfulbuild”。
         正在对“Debug\三个浮点数取最大值.lastbuildstate”执行 Touch 任务。
     1>已完成生成项目“D:\代码\三个浮点数取最大值\三个浮点数取最大值\三个浮点数取最大值.vcxproj”(build 个目标)的操作。

生成成功。

已用时间 00:00:00.53
